<?xml version="1.0" encoding="UTF-8"?>
<beans xmlns="http://www.springframework.org/schema/beans"
	xmlns:xsi="http://www.w3.org/2001/XMLSchema-instance"
	xsi:schemaLocation="http://www.springframework.org/schema/beans
				http://www.springframework.org/schema/beans/spring-beans-3.0.xsd">
	
	<bean id="dataSource" class="org.springframework.jdbc.datasource.SimpleDriverDataSource">
		<property name="driverClass" value="com.mysql.cj.jdbc.Driver" />
		<property name="url" value="jdbc:mysql://localhost/springbook?useSSL=false&amp;serverTimezone=UTC" />
		<property name="username" value="spring" />
		<property name="password" value="book" />
	</bean>
	<!-- 
	<bean id="jdbcContext" class="dao.JdbcContext">
		<property name="dataSource" ref="dataSource"/>
	</bean>
	 -->
	
	<bean id="dconnectionMaker" class="dao.DConnectionMaker" />
	<bean id="userDao" class="dao.UserDaoJdbc">
		<property name="dataSource" ref="dataSource" />
		<!-- <property name="jdbcContext" ref="jdbcContext" />  -->
		<property name="connectionMaker" ref="dconnectionMaker" />
	</bean>
	<bean id="defaultUserLevelUpgradePolicy" class="service.DefaultUserLevelUpgradePolicy"/>
	
	<bean id="transactionManager" class="org.springframework.jdbc.datasource.DataSourceTransactionManager">
		<property name="dataSource" ref="dataSource" />
	</bean>
	
	<bean id="userService" class="service.UserService">
		<property name="userDao" ref="userDao" />
		<!--<property name="dataSource" ref="dataSource" /> -->
		<property name="userLevelUpgradePolicy" ref="defaultUserLevelUpgradePolicy" />
		<property name="transactionManager" ref="transactionManager"></property>
	</bean>
</beans>